#
# There is insufficient memory for the Java Runtime Environment to continue.
# Native memory allocation (mmap) failed to map 264241152 bytes. Error detail: G1 virtual space
# Possible reasons:
#   The system is out of physical RAM or swap space
#   This process is running with CompressedOops enabled, and the Java Heap may be blocking the growth of the native heap
# Possible solutions:
#   Reduce memory load on the system
#   Increase physical memory or swap space
#   Check if swap backing store is full
#   Decrease Java heap size (-Xmx/-Xms)
#   Decrease number of Java threads
#   Decrease Java thread stack sizes (-Xss)
#   Set larger code cache with -XX:ReservedCodeCacheSize=
#   JVM is running with Zero Based Compressed Oops mode in which the Java heap is
#     placed in the first 32GB address space. The Java Heap base address is the
#     maximum limit for the native heap growth. Please use -XX:HeapBaseMinAddress
#     to set the Java Heap base and to place the Java Heap above 32GB virtual address.
# This output file may be truncated or incomplete.
#
#  Out of Memory Error (os_windows.cpp:3564), pid=19608, tid=18572
#
# JRE version:  (24.0+36) (build )
# Java VM: Java HotSpot(TM) 64-Bit Server VM (24+36-3646, mixed mode, sharing, tiered, compressed oops, compressed class ptrs, g1 gc, windows-amd64)
# No core dump will be written. Minidumps are not enabled by default on client versions of Windows
#

---------------  S U M M A R Y ------------

Command Line: -Dmaven.multiModuleProjectDirectory=D:\queuectl\queuectl -Djansi.passthrough=true -Dmaven.home=C:\Program Files\JetBrains\IntelliJ IDEA Community Edition 2024.3.5\plugins\maven\lib\maven3 -Dclassworlds.conf=C:\Program Files\JetBrains\IntelliJ IDEA Community Edition 2024.3.5\plugins\maven\lib\maven3\bin\m2.conf -Dmaven.ext.class.path=C:\Program Files\JetBrains\IntelliJ IDEA Community Edition 2024.3.5\plugins\maven\lib\maven-event-listener.jar -javaagent:C:\Program Files\JetBrains\IntelliJ IDEA Community Edition 2024.3.5\lib\idea_rt.jar=56918 -Dfile.encoding=UTF-8 -Dsun.stdout.encoding=UTF-8 -Dsun.stderr.encoding=UTF-8 org.codehaus.classworlds.Launcher -Didea.version=2024.3.5 clean

Host: 12th Gen Intel(R) Core(TM) i5-12450H, 12 cores, 15G,  Windows 11 , 64 bit Build 26100 (10.0.26100.6725)
Time: Wed Nov  5 14:12:33 2025 India Standard Time elapsed time: 0.012124 seconds (0d 0h 0m 0s)

---------------  T H R E A D  ---------------

Current thread (0x0000020826954ec0):  JavaThread "Unknown thread" [_thread_in_vm, id=18572, stack(0x0000005c4a000000,0x0000005c4a100000) (1024K)]

Stack: [0x0000005c4a000000,0x0000005c4a100000]
Native frames: (J=compiled Java code, j=interpreted, Vv=VM code, C=native code)
V  [jvm.dll+0x7308c9]  (no source info available)
V  [jvm.dll+0x8d9ca3]  (no source info available)
V  [jvm.dll+0x8dc13d]  (no source info available)
V  [jvm.dll+0x8dc7b3]  (no source info available)
V  [jvm.dll+0x2aa046]  (no source info available)
V  [jvm.dll+0x72cdf5]  (no source info available)
V  [jvm.dll+0x72091a]  (no source info available)
V  [jvm.dll+0x390d8a]  (no source info available)
V  [jvm.dll+0x398a96]  (no source info available)
V  [jvm.dll+0x3852de]  (no source info available)
V  [jvm.dll+0x385598]  (no source info available)
V  [jvm.dll+0x35d16c]  (no source info available)
V  [jvm.dll+0x35de2d]  (no source info available)
V  [jvm.dll+0x89d41f]  (no source info available)
V  [jvm.dll+0x3f98fd]  (no source info available)
V  [jvm.dll+0x885a76]  (no source info available)
V  [jvm.dll+0x49604e]  (no source info available)
V  [jvm.dll+0x497e21]  (no source info available)
C  [jli.dll+0x52a1]  (no source info available)
C  [ucrtbase.dll+0x37b0]  (no source info available)
C  [KERNEL32.DLL+0x2e8d7]  (no source info available)
C  [ntdll.dll+0x8c53c]  (no source info available)

Lock stack of current Java thread (top to bottom):


---------------  P R O C E S S  ---------------

Threads class SMR info:
_java_thread_list=0x00007ff80d35f318, length=0, elements={
}

Java Threads: ( => current thread )
Total: 0

Other Threads:
  0x00000208269bd7b0 WorkerThread "GC Thread#0"                     [id=24016, stack(0x0000005c4a100000,0x0000005c4a200000) (1024K)]
  0x0000020845802c50 ConcurrentGCThread "G1 Main Marker"            [id=21960, stack(0x0000005c4a200000,0x0000005c4a300000) (1024K)]
  0x00000208269cf610 WorkerThread "G1 Conc#0"                       [id=24372, stack(0x0000005c4a300000,0x0000005c4a400000) (1024K)]

[error occurred during error reporting (printing all threads), id 0xc0000005, EXCEPTION_ACCESS_VIOLATION (0xc0000005) at pc=0x00007ff80ca9158a]
VM state: not at safepoint (not fully initialized)

VM Mutex/Monitor currently owned by a thread:  ([mutex/lock_event])
[0x00007ff80d3e45c0] Heap_lock - owner thread: 0x0000020826954ec0

Heap address: 0x0000000704800000, size: 4024 MB, Compressed Oops mode: Zero based, Oop shift amount: 3

CDS archive(s) mapped at: [0x0000000000000000-0x0000000000000000-0x0000000000000000), size 0, SharedBaseAddress: 0x0000000800000000, ArchiveRelocationMode: 1.
UseCompressedClassPointers 1, UseCompactObjectHeaders 0
Narrow klass pointer bits 32, Max shift 3
Narrow klass base: 0xffffffffffffffff, Narrow klass shift: -1
Encoding Range: [0xffffffffffffffff - 0x000000007fffffff), (2147483648 bytes)
Klass Range:    [0x0000000000000000 - 0x0000000000000000), (0 bytes)
Klass ID Range:  [4294967295 - 0) (1)

GC Precious Log:
 CardTable entry size: 512
 Card Set container configuration: InlinePtr #cards 4 size 8 Array Of Cards #cards 16 size 48 Howl #buckets 8 coarsen threshold 3686 Howl Bitmap #cards 512 size 80 coarsen threshold 460 Card regions per heap region 1 cards per card region 4096

Heap:
 garbage-first heap   total reserved 4120576K, committed 0K, used 0K [0x0000000704800000, 0x0000000800000000)
  region size 2048K, 0 young (0K), 0 survivors (0K)

[error occurred during error reporting (printing heap information), id 0xc0000005, EXCEPTION_ACCESS_VIOLATION (0xc0000005) at pc=0x00007ff80ceae579]
GC Heap History (0 events):
No events

Dll operation events (1 events):
Event: 0.008 Loaded shared library C:\Program Files\Java\jdk-24\bin\java.dll

Deoptimization events (0 events):
No events

Classes loaded (0 events):
No events

Classes unloaded (0 events):
No events

Classes redefined (0 events):
No events

Internal exceptions (0 events):
No events

VM Operations (0 events):
No events

Memory protections (0 events):
No events

Nmethod flushes (0 events):
No events

Events (0 events):
No events


Dynamic libraries:
0x00007ff7f16a0000 - 0x00007ff7f16b0000 	C:\Program Files\Java\jdk-24\bin\java.exe
0x00007ff8fa780000 - 0x00007ff8fa9e8000 	C:\WINDOWS\SYSTEM32\ntdll.dll
0x00007ff8c0f30000 - 0x00007ff8c0f50000 	C:\Program Files\Avast Software\Avast\aswhook.dll
0x00007ff8f9c90000 - 0x00007ff8f9d59000 	C:\WINDOWS\System32\KERNEL32.DLL
0x00007ff8f7f20000 - 0x00007ff8f8312000 	C:\WINDOWS\System32\KERNELBASE.dll
0x00007ff8f7a80000 - 0x00007ff8f7bcb000 	C:\WINDOWS\System32\ucrtbase.dll
0x00007ff8bd530000 - 0x00007ff8bd54b000 	C:\Program Files\Java\jdk-24\bin\VCRUNTIME140.dll
0x00007ff8bd550000 - 0x00007ff8bd566000 	C:\Program Files\Java\jdk-24\bin\jli.dll
0x00007ff8f8ee0000 - 0x00007ff8f90a5000 	C:\WINDOWS\System32\USER32.dll
0x00007ff8f79a0000 - 0x00007ff8f79c7000 	C:\WINDOWS\System32\win32u.dll
0x00007ff8dbaf0000 - 0x00007ff8dbd83000 	C:\WINDOWS\WinSxS\amd64_microsoft.windows.common-controls_6595b64144ccf1df_6.0.26100.6899_none_3e0efeeae32e88c1\COMCTL32.dll
0x00007ff8f9fb0000 - 0x00007ff8f9fdb000 	C:\WINDOWS\System32\GDI32.dll
0x00007ff8f7bd0000 - 0x00007ff8f7cfd000 	C:\WINDOWS\System32\gdi32full.dll
0x00007ff8f9ed0000 - 0x00007ff8f9f79000 	C:\WINDOWS\System32\msvcrt.dll
0x00007ff8f79d0000 - 0x00007ff8f7a73000 	C:\WINDOWS\System32\msvcp_win.dll
0x00007ff8f85a0000 - 0x00007ff8f85cf000 	C:\WINDOWS\System32\IMM32.DLL
0x00007ff8e4710000 - 0x00007ff8e471c000 	C:\Program Files\Java\jdk-24\bin\vcruntime140_1.dll
0x00007ff8bd3b0000 - 0x00007ff8bd43e000 	C:\Program Files\Java\jdk-24\bin\msvcp140.dll
0x00007ff80c720000 - 0x00007ff80d4c2000 	C:\Program Files\Java\jdk-24\bin\server\jvm.dll
0x00007ff8f9a30000 - 0x00007ff8f9ae4000 	C:\WINDOWS\System32\ADVAPI32.dll
0x00007ff8f8ad0000 - 0x00007ff8f8b76000 	C:\WINDOWS\System32\sechost.dll
0x00007ff8f8dc0000 - 0x00007ff8f8ed8000 	C:\WINDOWS\System32\RPCRT4.dll
0x00007ff8fa130000 - 0x00007ff8fa1a4000 	C:\WINDOWS\System32\WS2_32.dll
0x00007ff8f7770000 - 0x00007ff8f77ce000 	C:\WINDOWS\SYSTEM32\POWRPROF.dll
0x00007ff8e44d0000 - 0x00007ff8e44db000 	C:\WINDOWS\SYSTEM32\VERSION.dll
0x00007ff8ec730000 - 0x00007ff8ec765000 	C:\WINDOWS\SYSTEM32\WINMM.dll
0x00007ff8f7750000 - 0x00007ff8f7764000 	C:\WINDOWS\SYSTEM32\UMPDC.dll
0x00007ff8f66e0000 - 0x00007ff8f66fb000 	C:\WINDOWS\SYSTEM32\kernel.appcore.dll
0x00007ff8d2b60000 - 0x00007ff8d2b6a000 	C:\Program Files\Java\jdk-24\bin\jimage.dll
0x00007ff8f4d10000 - 0x00007ff8f4f52000 	C:\WINDOWS\SYSTEM32\DBGHELP.DLL
0x00007ff8f85f0000 - 0x00007ff8f896b000 	C:\WINDOWS\System32\combase.dll
0x00007ff8f9df0000 - 0x00007ff8f9ec7000 	C:\WINDOWS\System32\OLEAUT32.dll
0x00007ff8e4490000 - 0x00007ff8e44cc000 	C:\WINDOWS\SYSTEM32\dbgcore.DLL
0x00007ff8f7d00000 - 0x00007ff8f7d98000 	C:\WINDOWS\System32\bcryptPrimitives.dll
0x00007ff8e5520000 - 0x00007ff8e552f000 	C:\Program Files\Java\jdk-24\bin\instrument.dll
0x00007ff8bd510000 - 0x00007ff8bd52e000 	C:\Program Files\Java\jdk-24\bin\java.dll
0x00007ff8f90b0000 - 0x00007ff8f9248000 	C:\WINDOWS\System32\ole32.dll
0x00007ff8f9250000 - 0x00007ff8f999d000 	C:\WINDOWS\System32\SHELL32.dll
0x00007ff8f83e0000 - 0x00007ff8f854b000 	C:\WINDOWS\System32\wintypes.dll

dbghelp: loaded successfully - version: 4.0.5 - missing functions: none
symbol engine: initialized successfully - sym options: 0x614 - pdb path: .;C:\Program Files\Java\jdk-24\bin;C:\WINDOWS\SYSTEM32;C:\Program Files\Avast Software\Avast;C:\WINDOWS\WinSxS\amd64_microsoft.windows.common-controls_6595b64144ccf1df_6.0.26100.6899_none_3e0efeeae32e88c1;C:\Program Files\Java\jdk-24\bin\server

VM Arguments:
jvm_args: -Dmaven.multiModuleProjectDirectory=D:\queuectl\queuectl -Djansi.passthrough=true -Dmaven.home=C:\Program Files\JetBrains\IntelliJ IDEA Community Edition 2024.3.5\plugins\maven\lib\maven3 -Dclassworlds.conf=C:\Program Files\JetBrains\IntelliJ IDEA Community Edition 2024.3.5\plugins\maven\lib\maven3\bin\m2.conf -Dmaven.ext.class.path=C:\Program Files\JetBrains\IntelliJ IDEA Community Edition 2024.3.5\plugins\maven\lib\maven-event-listener.jar -javaagent:C:\Program Files\JetBrains\IntelliJ IDEA Community Edition 2024.3.5\lib\idea_rt.jar=56918 -Dfile.encoding=UTF-8 -Dsun.stdout.encoding=UTF-8 -Dsun.stderr.encoding=UTF-8 
java_command: org.codehaus.classworlds.Launcher -Didea.version=2024.3.5 clean
java_class_path (initial): C:\Program Files\JetBrains\IntelliJ IDEA Community Edition 2024.3.5\plugins\maven\lib\maven3\boot\plexus-classworlds-2.8.0.jar;C:\Program Files\JetBrains\IntelliJ IDEA Community Edition 2024.3.5\plugins\maven\lib\maven3\boot\plexus-classworlds.license
Launcher Type: SUN_STANDARD

[Global flags]
     intx CICompilerCount                          = 4                                         {product} {ergonomic}
     uint ConcGCThreads                            = 3                                         {product} {ergonomic}
     uint G1ConcRefinementThreads                  = 10                                        {product} {ergonomic}
   size_t G1HeapRegionSize                         = 2097152                                   {product} {ergonomic}
   size_t InitialHeapSize                          = 264241152                                 {product} {ergonomic}
   size_t MarkStackSize                            = 4194304                                   {product} {ergonomic}
   size_t MarkStackSizeMax                         = 536870912                                 {product} {ergonomic}
   size_t MaxHeapSize                              = 4219469824                                {product} {ergonomic}
   size_t MinHeapDeltaBytes                        = 2097152                                   {product} {ergonomic}
   size_t MinHeapSize                              = 8388608                                   {product} {ergonomic}
    uintx NonNMethodCodeHeapSize                   = 5832704                                {pd product} {ergonomic}
    uintx NonProfiledCodeHeapSize                  = 122945536                              {pd product} {ergonomic}
    uintx ProfiledCodeHeapSize                     = 122880000                              {pd product} {ergonomic}
    uintx ReservedCodeCacheSize                    = 251658240                              {pd product} {ergonomic}
     bool SegmentedCodeCache                       = true                                      {product} {ergonomic}
   size_t SoftMaxHeapSize                          = 4219469824                             {manageable} {ergonomic}
     bool UseCompressedOops                        = true                           {product lp64_product} {ergonomic}
     bool UseG1GC                                  = true                                      {product} {ergonomic}
     bool UseLargePagesIndividualAllocation        = false                                  {pd product} {ergonomic}

Logging:
Log output configuration:
 #0: stdout all=warning uptime,level,tags foldmultilines=false
 #1: stderr all=off uptime,level,tags foldmultilines=false

Environment Variables:
JAVA_HOME=C:\Program Files\Eclipse Adoptium\jdk-17.0.12.7-hotspot\
PATH=C:\Program Files\Common Files\Oracle\Java\javapath;C:\Program Files\Eclipse Adoptium\jdk-17.0.12.7-hotspot\bin;C:\Program Files (x86)\VMware\VMware Workstation\bin\;C:\WINDOWS\system32;C:\WINDOWS;C:\WINDOWS\System32\Wbem;C:\WINDOWS\System32\WindowsPowerShell\v1.0\;C:\WINDOWS\System32\OpenSSH\;C:\MinGW\bin;C:\Program Files\MATLAB\R2024a\bin;C:\Program Files\nodejs\;C:\Program Files\Java\jdk-24\bin;C:\Program Files\Git\cmd;C:\Program Files\Git\mingw64\bin;C:\Program Files\Git\usr\bin;C:\Program Files\Cloudflare\Cloudflare WARP\;C:\Users\pavan\AppData\Local\Programs\Python\Python312\Scripts\;C:\Users\pavan\AppData\Local\Programs\Python\Python312\;C:\Program Files\MySQL\MySQL Shell 8.0\bin\;C:\Users\pavan\AppData\Local\Microsoft\WindowsApps;C:\MinGW\bin;C:\Users\pavan\AppData\Local\JetBrains\PyCharm 2024.2\bin;;D:\Microsoft VS Code\bin;C:\Users\pavan\AppData\Roaming\npm;C:\Program Files\JetBrains\IntelliJ IDEA 2024.3.5\bin;;C:\Program Files\JetBrains\IntelliJ IDEA Community Edition 2024.3.5\bin;
USERNAME=pavan
OS=Windows_NT
PROCESSOR_IDENTIFIER=Intel64 Family 6 Model 154 Stepping 3, GenuineIntel
TMP=C:\Users\pavan\AppData\Local\Temp
TEMP=C:\Users\pavan\AppData\Local\Temp




Periodic native trim disabled

---------------  S Y S T E M  ---------------

OS:
 Windows 11 , 64 bit Build 26100 (10.0.26100.6725)
OS uptime: 0 days 3:51 hours
Hyper-V role detected

CPU: total 12 (initial active 12) (6 cores per cpu, 2 threads per core) family 6 model 154 stepping 3 microcode 0x423, cx8, cmov, fxsr, ht, mmx, 3dnowpref, sse, sse2, sse3, ssse3, sse4.1, sse4.2, popcnt, lzcnt, tsc, tscinvbit, avx, avx2, aes, erms, clmul, bmi1, bmi2, adx, sha, fma, vzeroupper, clflush, clflushopt, clwb, hv, serialize, rdtscp, rdpid, fsrm, gfni, f16c, cet_ibt, cet_ss
Processor Information for the first 12 processors :
  Max Mhz: 2000, Current Mhz: 2000, Mhz Limit: 2000

Memory: 4k page, system-wide physical 16092M (2095M free)
TotalPageFile size 18129M (AvailPageFile size 227M)
current process WorkingSet (physical memory assigned to process): 14M, peak: 14M
current process commit charge ("private bytes"): 65M, peak: 317M

vm_info: Java HotSpot(TM) 64-Bit Server VM (24+36-3646) for windows-amd64 JRE (24+36-3646), built on 2025-02-06T00:20:43Z with MS VC++ 17.6 (VS2022)

END.
