#
# There is insufficient memory for the Java Runtime Environment to continue.
# Native memory allocation (malloc) failed to allocate 3623376 bytes. Error detail: Chunk::new
# Possible reasons:
#   The system is out of physical RAM or swap space
#   This process is running with CompressedOops enabled, and the Java Heap may be blocking the growth of the native heap
# Possible solutions:
#   Reduce memory load on the system
#   Increase physical memory or swap space
#   Check if swap backing store is full
#   Decrease Java heap size (-Xmx/-Xms)
#   Decrease number of Java threads
#   Decrease Java thread stack sizes (-Xss)
#   Set larger code cache with -XX:ReservedCodeCacheSize=
#   JVM is running with Zero Based Compressed Oops mode in which the Java heap is
#     placed in the first 32GB address space. The Java Heap base address is the
#     maximum limit for the native heap growth. Please use -XX:HeapBaseMinAddress
#     to set the Java Heap base and to place the Java Heap above 32GB virtual address.
# This output file may be truncated or incomplete.
#
#  Out of Memory Error (arena.cpp:162), pid=24500, tid=23240
#
# JRE version: Java(TM) SE Runtime Environment (24.0+36) (build 24+36-3646)
# Java VM: Java HotSpot(TM) 64-Bit Server VM (24+36-3646, mixed mode, sharing, tiered, compressed oops, compressed class ptrs, g1 gc, windows-amd64)
# No core dump will be written. Minidumps are not enabled by default on client versions of Windows
#

---------------  S U M M A R Y ------------

Command Line: -Dmaven.multiModuleProjectDirectory=D:\queuectl\queuectl -Djansi.passthrough=true -Dmaven.home=C:\Program Files\JetBrains\IntelliJ IDEA Community Edition 2024.3.5\plugins\maven\lib\maven3 -Dclassworlds.conf=C:\Program Files\JetBrains\IntelliJ IDEA Community Edition 2024.3.5\plugins\maven\lib\maven3\bin\m2.conf -Dmaven.ext.class.path=C:\Program Files\JetBrains\IntelliJ IDEA Community Edition 2024.3.5\plugins\maven\lib\maven-event-listener.jar -javaagent:C:\Program Files\JetBrains\IntelliJ IDEA Community Edition 2024.3.5\lib\idea_rt.jar=54559 -Dfile.encoding=UTF-8 -Dsun.stdout.encoding=UTF-8 -Dsun.stderr.encoding=UTF-8 org.codehaus.classworlds.Launcher -Didea.version=2024.3.5 clean

Host: 12th Gen Intel(R) Core(TM) i5-12450H, 12 cores, 15G,  Windows 11 , 64 bit Build 26100 (10.0.26100.6725)
Time: Wed Nov  5 14:11:58 2025 India Standard Time elapsed time: 0.940067 seconds (0d 0h 0m 0s)

---------------  T H R E A D  ---------------

Current thread (0x0000020f0e9c4570):  JavaThread "C2 CompilerThread2" daemon [_thread_in_native, id=23240, stack(0x000000ad28f00000,0x000000ad29000000) (1024K)]


Current CompileTask:
C2:940 1263       4       org.codehaus.plexus.util.xml.XmlReader::read (11 bytes)

Stack: [0x000000ad28f00000,0x000000ad29000000]
Native frames: (J=compiled Java code, j=interpreted, Vv=VM code, C=native code)
V  [jvm.dll+0x7308c9]  (no source info available)
V  [jvm.dll+0x8d9ca3]  (no source info available)
V  [jvm.dll+0x8dc13d]  (no source info available)
V  [jvm.dll+0x8dc7b3]  (no source info available)
V  [jvm.dll+0x2aa046]  (no source info available)
V  [jvm.dll+0xced8f]  (no source info available)
V  [jvm.dll+0xcefef]  (no source info available)
V  [jvm.dll+0x154d23]  (no source info available)
V  [jvm.dll+0x7360ef]  (no source info available)
V  [jvm.dll+0x26f9dc]  (no source info available)
V  [jvm.dll+0x26e9ff]  (no source info available)
V  [jvm.dll+0x1e9d00]  (no source info available)
V  [jvm.dll+0x27e1bb]  (no source info available)
V  [jvm.dll+0x27c45a]  (no source info available)
V  [jvm.dll+0x42f566]  (no source info available)
V  [jvm.dll+0x87d8fb]  (no source info available)
V  [jvm.dll+0x72efe5]  (no source info available)
C  [ucrtbase.dll+0x37b0]  (no source info available)
C  [KERNEL32.DLL+0x2e8d7]  (no source info available)
C  [ntdll.dll+0x8c53c]  (no source info available)

Lock stack of current Java thread (top to bottom):


---------------  P R O C E S S  ---------------

Threads class SMR info:
_java_thread_list=0x0000020f0e9471c0, length=14, elements={
0x0000020ea6fe2f10, 0x0000020ec8b87000, 0x0000020ec8b87740, 0x0000020ec8b88a90,
0x0000020ec8b895c0, 0x0000020ec8b8a350, 0x0000020ec8b8c240, 0x0000020ec8b8d4b0,
0x0000020ec8b8e030, 0x0000020ec8c56fe0, 0x0000020ec8db5560, 0x0000020ec8db5ca0,
0x0000020f0e748210, 0x0000020f0e9c4570
}

Java Threads: ( => current thread )
  0x0000020ea6fe2f10 JavaThread "main"                              [_thread_in_Java, id=24108, stack(0x000000ad27b00000,0x000000ad27c00000) (1024K)]
  0x0000020ec8b87000 JavaThread "Reference Handler"          daemon [_thread_blocked, id=3264, stack(0x000000ad28300000,0x000000ad28400000) (1024K)]
  0x0000020ec8b87740 JavaThread "Finalizer"                  daemon [_thread_blocked, id=23260, stack(0x000000ad28400000,0x000000ad28500000) (1024K)]
  0x0000020ec8b88a90 JavaThread "Signal Dispatcher"          daemon [_thread_blocked, id=24828, stack(0x000000ad28500000,0x000000ad28600000) (1024K)]
  0x0000020ec8b895c0 JavaThread "Attach Listener"            daemon [_thread_blocked, id=2732, stack(0x000000ad28600000,0x000000ad28700000) (1024K)]
  0x0000020ec8b8a350 JavaThread "Service Thread"             daemon [_thread_blocked, id=16032, stack(0x000000ad28700000,0x000000ad28800000) (1024K)]
  0x0000020ec8b8c240 JavaThread "Monitor Deflation Thread"   daemon [_thread_blocked, id=25212, stack(0x000000ad28800000,0x000000ad28900000) (1024K)]
  0x0000020ec8b8d4b0 JavaThread "C2 CompilerThread0"         daemon [_thread_in_native, id=25392, stack(0x000000ad28900000,0x000000ad28a00000) (1024K)]
  0x0000020ec8b8e030 JavaThread "C1 CompilerThread0"         daemon [_thread_in_native, id=6492, stack(0x000000ad28a00000,0x000000ad28b00000) (1024K)]
  0x0000020ec8c56fe0 JavaThread "Common-Cleaner"             daemon [_thread_blocked, id=23776, stack(0x000000ad28b00000,0x000000ad28c00000) (1024K)]
  0x0000020ec8db5560 JavaThread "Monitor Ctrl-Break"         daemon [_thread_in_native, id=796, stack(0x000000ad28c00000,0x000000ad28d00000) (1024K)]
  0x0000020ec8db5ca0 JavaThread "Notification Thread"        daemon [_thread_blocked, id=18104, stack(0x000000ad28d00000,0x000000ad28e00000) (1024K)]
  0x0000020f0e748210 JavaThread "C2 CompilerThread1"         daemon [_thread_in_native, id=17652, stack(0x000000ad28e00000,0x000000ad28f00000) (1024K)]
=>0x0000020f0e9c4570 JavaThread "C2 CompilerThread2"         daemon [_thread_in_native, id=23240, stack(0x000000ad28f00000,0x000000ad29000000) (1024K)]
Total: 14

Other Threads:
  0x0000020ec8b77500 VMThread "VM Thread"                           [id=23168, stack(0x000000ad28200000,0x000000ad28300000) (1024K)]
  0x0000020ec5f5c6f0 WatcherThread "VM Periodic Task Thread"        [id=12644, stack(0x000000ad28100000,0x000000ad28200000) (1024K)]
  0x0000020ea704bb00 WorkerThread "GC Thread#0"                     [id=4020, stack(0x000000ad27c00000,0x000000ad27d00000) (1024K)]
  0x0000020ec5ee3b90 ConcurrentGCThread "G1 Main Marker"            [id=25272, stack(0x000000ad27d00000,0x000000ad27e00000) (1024K)]
  0x0000020ea705ee00 WorkerThread "G1 Conc#0"                       [id=25352, stack(0x000000ad27e00000,0x000000ad27f00000) (1024K)]
  0x0000020ec5f4cd20 ConcurrentGCThread "G1 Refine#0"               [id=12108, stack(0x000000ad27f00000,0x000000ad28000000) (1024K)]
  0x0000020ec5f4d550 ConcurrentGCThread "G1 Service"                [id=12140, stack(0x000000ad28000000,0x000000ad28100000) (1024K)]
Total: 7

Threads with active compile tasks:
C2 CompilerThread0  1027 1312   !   4       sun.nio.cs.StreamDecoder::read (220 bytes)
C2 CompilerThread1  1027 1314   !   4       sun.nio.cs.StreamDecoder::read0 (116 bytes)
C2 CompilerThread2  1027 1263       4       org.codehaus.plexus.util.xml.XmlReader::read (11 bytes)
Total: 3

VM state: not at safepoint (normal execution)

VM Mutex/Monitor currently owned by a thread: None

Heap address: 0x0000000704800000, size: 4024 MB, Compressed Oops mode: Zero based, Oop shift amount: 3

CDS archive(s) mapped at: [0x0000020ec9000000-0x0000020ec9d40000-0x0000020ec9d40000), size 13893632, SharedBaseAddress: 0x0000020ec9000000, ArchiveRelocationMode: 1.
Compressed class space mapped at: 0x0000020eca000000-0x0000020f0a000000, reserved size: 1073741824
UseCompressedClassPointers 1, UseCompactObjectHeaders 0
Narrow klass pointer bits 32, Max shift 3
Narrow klass base: 0x0000020ec9000000, Narrow klass shift: 0
Encoding Range: [0x0000020ec9000000 - 0x0000020fc9000000), (4294967296 bytes)
Klass Range:    [0x0000020ec9000000 - 0x0000020f0a000000), (1090519040 bytes)
Klass ID Range:  [8 - 1090519033) (1090519025)

GC Precious Log:
 CardTable entry size: 512
 Card Set container configuration: InlinePtr #cards 4 size 8 Array Of Cards #cards 16 size 48 Howl #buckets 8 coarsen threshold 3686 Howl Bitmap #cards 512 size 80 coarsen threshold 460 Card regions per heap region 1 cards per card region 4096
 CPUs: 12 total, 12 available
 Memory: 16092M
 Large Page Support: Disabled
 NUMA Support: Disabled
 Compressed Oops: Enabled (Zero based)
 Heap Region Size: 2M
 Heap Min Capacity: 8M
 Heap Initial Capacity: 252M
 Heap Max Capacity: 4024M
 Pre-touch: Disabled
 Parallel Workers: 10
 Concurrent Workers: 3
 Concurrent Refinement Workers: 10
 Periodic GC: Disabled

Heap:
 garbage-first heap   total reserved 4120576K, committed 260096K, used 33908K [0x0000000704800000, 0x0000000800000000)
  region size 2048K, 17 young (34816K), 0 survivors (0K)
 Metaspace       used 6907K, committed 7104K, reserved 1114112K
  class space    used 619K, committed 704K, reserved 1048576K

Heap Regions: E=young(eden), S=young(survivor), O=old, HS=humongous(starts), HC=humongous(continues), CS=collection set, F=free, TAMS=top-at-mark-start, PB=parsable bottom
|   0|0x0000000704800000, 0x0000000704800000, 0x0000000704a00000|  0%| F|  |TAMS 0x0000000704800000| PB 0x0000000704800000| Untracked |  0
|   1|0x0000000704a00000, 0x0000000704a00000, 0x0000000704c00000|  0%| F|  |TAMS 0x0000000704a00000| PB 0x0000000704a00000| Untracked |  0
|   2|0x0000000704c00000, 0x0000000704c00000, 0x0000000704e00000|  0%| F|  |TAMS 0x0000000704c00000| PB 0x0000000704c00000| Untracked |  0
|   3|0x0000000704e00000, 0x0000000704e00000, 0x0000000705000000|  0%| F|  |TAMS 0x0000000704e00000| PB 0x0000000704e00000| Untracked |  0
|   4|0x0000000705000000, 0x0000000705000000, 0x0000000705200000|  0%| F|  |TAMS 0x0000000705000000| PB 0x0000000705000000| Untracked |  0
|   5|0x0000000705200000, 0x0000000705200000, 0x0000000705400000|  0%| F|  |TAMS 0x0000000705200000| PB 0x0000000705200000| Untracked |  0
|   6|0x0000000705400000, 0x0000000705400000, 0x0000000705600000|  0%| F|  |TAMS 0x0000000705400000| PB 0x0000000705400000| Untracked |  0
|   7|0x0000000705600000, 0x0000000705600000, 0x0000000705800000|  0%| F|  |TAMS 0x0000000705600000| PB 0x0000000705600000| Untracked |  0
|   8|0x0000000705800000, 0x0000000705800000, 0x0000000705a00000|  0%| F|  |TAMS 0x0000000705800000| PB 0x0000000705800000| Untracked |  0
|   9|0x0000000705a00000, 0x0000000705a00000, 0x0000000705c00000|  0%| F|  |TAMS 0x0000000705a00000| PB 0x0000000705a00000| Untracked |  0
|  10|0x0000000705c00000, 0x0000000705c00000, 0x0000000705e00000|  0%| F|  |TAMS 0x0000000705c00000| PB 0x0000000705c00000| Untracked |  0
|  11|0x0000000705e00000, 0x0000000705e00000, 0x0000000706000000|  0%| F|  |TAMS 0x0000000705e00000| PB 0x0000000705e00000| Untracked |  0
|  12|0x0000000706000000, 0x0000000706000000, 0x0000000706200000|  0%| F|  |TAMS 0x0000000706000000| PB 0x0000000706000000| Untracked |  0
|  13|0x0000000706200000, 0x0000000706200000, 0x0000000706400000|  0%| F|  |TAMS 0x0000000706200000| PB 0x0000000706200000| Untracked |  0
|  14|0x0000000706400000, 0x0000000706400000, 0x0000000706600000|  0%| F|  |TAMS 0x0000000706400000| PB 0x0000000706400000| Untracked |  0
|  15|0x0000000706600000, 0x0000000706600000, 0x0000000706800000|  0%| F|  |TAMS 0x0000000706600000| PB 0x0000000706600000| Untracked |  0
|  16|0x0000000706800000, 0x0000000706800000, 0x0000000706a00000|  0%| F|  |TAMS 0x0000000706800000| PB 0x0000000706800000| Untracked |  0
|  17|0x0000000706a00000, 0x0000000706a00000, 0x0000000706c00000|  0%| F|  |TAMS 0x0000000706a00000| PB 0x0000000706a00000| Untracked |  0
|  18|0x0000000706c00000, 0x0000000706c00000, 0x0000000706e00000|  0%| F|  |TAMS 0x0000000706c00000| PB 0x0000000706c00000| Untracked |  0
|  19|0x0000000706e00000, 0x0000000706e00000, 0x0000000707000000|  0%| F|  |TAMS 0x0000000706e00000| PB 0x0000000706e00000| Untracked |  0
|  20|0x0000000707000000, 0x0000000707000000, 0x0000000707200000|  0%| F|  |TAMS 0x0000000707000000| PB 0x0000000707000000| Untracked |  0
|  21|0x0000000707200000, 0x0000000707200000, 0x0000000707400000|  0%| F|  |TAMS 0x0000000707200000| PB 0x0000000707200000| Untracked |  0
|  22|0x0000000707400000, 0x0000000707400000, 0x0000000707600000|  0%| F|  |TAMS 0x0000000707400000| PB 0x0000000707400000| Untracked |  0
|  23|0x0000000707600000, 0x0000000707600000, 0x0000000707800000|  0%| F|  |TAMS 0x0000000707600000| PB 0x0000000707600000| Untracked |  0
|  24|0x0000000707800000, 0x0000000707800000, 0x0000000707a00000|  0%| F|  |TAMS 0x0000000707800000| PB 0x0000000707800000| Untracked |  0
|  25|0x0000000707a00000, 0x0000000707a00000, 0x0000000707c00000|  0%| F|  |TAMS 0x0000000707a00000| PB 0x0000000707a00000| Untracked |  0
|  26|0x0000000707c00000, 0x0000000707c00000, 0x0000000707e00000|  0%| F|  |TAMS 0x0000000707c00000| PB 0x0000000707c00000| Untracked |  0
|  27|0x0000000707e00000, 0x0000000707e00000, 0x0000000708000000|  0%| F|  |TAMS 0x0000000707e00000| PB 0x0000000707e00000| Untracked |  0
|  28|0x0000000708000000, 0x0000000708000000, 0x0000000708200000|  0%| F|  |TAMS 0x0000000708000000| PB 0x0000000708000000| Untracked |  0
|  29|0x0000000708200000, 0x0000000708200000, 0x0000000708400000|  0%| F|  |TAMS 0x0000000708200000| PB 0x0000000708200000| Untracked |  0
|  30|0x0000000708400000, 0x0000000708400000, 0x0000000708600000|  0%| F|  |TAMS 0x0000000708400000| PB 0x0000000708400000| Untracked |  0
|  31|0x0000000708600000, 0x0000000708600000, 0x0000000708800000|  0%| F|  |TAMS 0x0000000708600000| PB 0x0000000708600000| Untracked |  0
|  32|0x0000000708800000, 0x0000000708800000, 0x0000000708a00000|  0%| F|  |TAMS 0x0000000708800000| PB 0x0000000708800000| Untracked |  0
|  33|0x0000000708a00000, 0x0000000708a00000, 0x0000000708c00000|  0%| F|  |TAMS 0x0000000708a00000| PB 0x0000000708a00000| Untracked |  0
|  34|0x0000000708c00000, 0x0000000708c00000, 0x0000000708e00000|  0%| F|  |TAMS 0x0000000708c00000| PB 0x0000000708c00000| Untracked |  0
|  35|0x0000000708e00000, 0x0000000708e00000, 0x0000000709000000|  0%| F|  |TAMS 0x0000000708e00000| PB 0x0000000708e00000| Untracked |  0
|  36|0x0000000709000000, 0x0000000709000000, 0x0000000709200000|  0%| F|  |TAMS 0x0000000709000000| PB 0x0000000709000000| Untracked |  0
|  37|0x0000000709200000, 0x0000000709200000, 0x0000000709400000|  0%| F|  |TAMS 0x0000000709200000| PB 0x0000000709200000| Untracked |  0
|  38|0x0000000709400000, 0x0000000709400000, 0x0000000709600000|  0%| F|  |TAMS 0x0000000709400000| PB 0x0000000709400000| Untracked |  0
|  39|0x0000000709600000, 0x0000000709600000, 0x0000000709800000|  0%| F|  |TAMS 0x0000000709600000| PB 0x0000000709600000| Untracked |  0
|  40|0x0000000709800000, 0x0000000709800000, 0x0000000709a00000|  0%| F|  |TAMS 0x0000000709800000| PB 0x0000000709800000| Untracked |  0
|  41|0x0000000709a00000, 0x0000000709a00000, 0x0000000709c00000|  0%| F|  |TAMS 0x0000000709a00000| PB 0x0000000709a00000| Untracked |  0
|  42|0x0000000709c00000, 0x0000000709c00000, 0x0000000709e00000|  0%| F|  |TAMS 0x0000000709c00000| PB 0x0000000709c00000| Untracked |  0
|  43|0x0000000709e00000, 0x0000000709e00000, 0x000000070a000000|  0%| F|  |TAMS 0x0000000709e00000| PB 0x0000000709e00000| Untracked |  0
|  44|0x000000070a000000, 0x000000070a000000, 0x000000070a200000|  0%| F|  |TAMS 0x000000070a000000| PB 0x000000070a000000| Untracked |  0
|  45|0x000000070a200000, 0x000000070a200000, 0x000000070a400000|  0%| F|  |TAMS 0x000000070a200000| PB 0x000000070a200000| Untracked |  0
|  46|0x000000070a400000, 0x000000070a400000, 0x000000070a600000|  0%| F|  |TAMS 0x000000070a400000| PB 0x000000070a400000| Untracked |  0
|  47|0x000000070a600000, 0x000000070a600000, 0x000000070a800000|  0%| F|  |TAMS 0x000000070a600000| PB 0x000000070a600000| Untracked |  0
|  48|0x000000070a800000, 0x000000070a800000, 0x000000070aa00000|  0%| F|  |TAMS 0x000000070a800000| PB 0x000000070a800000| Untracked |  0
|  49|0x000000070aa00000, 0x000000070aa00000, 0x000000070ac00000|  0%| F|  |TAMS 0x000000070aa00000| PB 0x000000070aa00000| Untracked |  0
|  50|0x000000070ac00000, 0x000000070ac00000, 0x000000070ae00000|  0%| F|  |TAMS 0x000000070ac00000| PB 0x000000070ac00000| Untracked |  0
|  51|0x000000070ae00000, 0x000000070ae00000, 0x000000070b000000|  0%| F|  |TAMS 0x000000070ae00000| PB 0x000000070ae00000| Untracked |  0
|  52|0x000000070b000000, 0x000000070b000000, 0x000000070b200000|  0%| F|  |TAMS 0x000000070b000000| PB 0x000000070b000000| Untracked |  0
|  53|0x000000070b200000, 0x000000070b200000, 0x000000070b400000|  0%| F|  |TAMS 0x000000070b200000| PB 0x000000070b200000| Untracked |  0
|  54|0x000000070b400000, 0x000000070b400000, 0x000000070b600000|  0%| F|  |TAMS 0x000000070b400000| PB 0x000000070b400000| Untracked |  0
|  55|0x000000070b600000, 0x000000070b600000, 0x000000070b800000|  0%| F|  |TAMS 0x000000070b600000| PB 0x000000070b600000| Untracked |  0
|  56|0x000000070b800000, 0x000000070b800000, 0x000000070ba00000|  0%| F|  |TAMS 0x000000070b800000| PB 0x000000070b800000| Untracked |  0
|  57|0x000000070ba00000, 0x000000070ba00000, 0x000000070bc00000|  0%| F|  |TAMS 0x000000070ba00000| PB 0x000000070ba00000| Untracked |  0
|  58|0x000000070bc00000, 0x000000070bc00000, 0x000000070be00000|  0%| F|  |TAMS 0x000000070bc00000| PB 0x000000070bc00000| Untracked |  0
|  59|0x000000070be00000, 0x000000070be00000, 0x000000070c000000|  0%| F|  |TAMS 0x000000070be00000| PB 0x000000070be00000| Untracked |  0
|  60|0x000000070c000000, 0x000000070c000000, 0x000000070c200000|  0%| F|  |TAMS 0x000000070c000000| PB 0x000000070c000000| Untracked |  0
|  61|0x000000070c200000, 0x000000070c200000, 0x000000070c400000|  0%| F|  |TAMS 0x000000070c200000| PB 0x000000070c200000| Untracked |  0
|  62|0x000000070c400000, 0x000000070c400000, 0x000000070c600000|  0%| F|  |TAMS 0x000000070c400000| PB 0x000000070c400000| Untracked |  0
|  63|0x000000070c600000, 0x000000070c600000, 0x000000070c800000|  0%| F|  |TAMS 0x000000070c600000| PB 0x000000070c600000| Untracked |  0
|  64|0x000000070c800000, 0x000000070c800000, 0x000000070ca00000|  0%| F|  |TAMS 0x000000070c800000| PB 0x000000070c800000| Untracked |  0
|  65|0x000000070ca00000, 0x000000070ca00000, 0x000000070cc00000|  0%| F|  |TAMS 0x000000070ca00000| PB 0x000000070ca00000| Untracked |  0
|  66|0x000000070cc00000, 0x000000070cc00000, 0x000000070ce00000|  0%| F|  |TAMS 0x000000070cc00000| PB 0x000000070cc00000| Untracked |  0
|  67|0x000000070ce00000, 0x000000070ce00000, 0x000000070d000000|  0%| F|  |TAMS 0x000000070ce00000| PB 0x000000070ce00000| Untracked |  0
|  68|0x000000070d000000, 0x000000070d000000, 0x000000070d200000|  0%| F|  |TAMS 0x000000070d000000| PB 0x000000070d000000| Untracked |  0
|  69|0x000000070d200000, 0x000000070d200000, 0x000000070d400000|  0%| F|  |TAMS 0x000000070d200000| PB 0x000000070d200000| Untracked |  0
|  70|0x000000070d400000, 0x000000070d400000, 0x000000070d600000|  0%| F|  |TAMS 0x000000070d400000| PB 0x000000070d400000| Untracked |  0
|  71|0x000000070d600000, 0x000000070d600000, 0x000000070d800000|  0%| F|  |TAMS 0x000000070d600000| PB 0x000000070d600000| Untracked |  0
|  72|0x000000070d800000, 0x000000070d800000, 0x000000070da00000|  0%| F|  |TAMS 0x000000070d800000| PB 0x000000070d800000| Untracked |  0
|  73|0x000000070da00000, 0x000000070da00000, 0x000000070dc00000|  0%| F|  |TAMS 0x000000070da00000| PB 0x000000070da00000| Untracked |  0
|  74|0x000000070dc00000, 0x000000070dc00000, 0x000000070de00000|  0%| F|  |TAMS 0x000000070dc00000| PB 0x000000070dc00000| Untracked |  0
|  75|0x000000070de00000, 0x000000070de00000, 0x000000070e000000|  0%| F|  |TAMS 0x000000070de00000| PB 0x000000070de00000| Untracked |  0
|  76|0x000000070e000000, 0x000000070e000000, 0x000000070e200000|  0%| F|  |TAMS 0x000000070e000000| PB 0x000000070e000000| Untracked |  0
|  77|0x000000070e200000, 0x000000070e200000, 0x000000070e400000|  0%| F|  |TAMS 0x000000070e200000| PB 0x000000070e200000| Untracked |  0
|  78|0x000000070e400000, 0x000000070e400000, 0x000000070e600000|  0%| F|  |TAMS 0x000000070e400000| PB 0x000000070e400000| Untracked |  0
|  79|0x000000070e600000, 0x000000070e600000, 0x000000070e800000|  0%| F|  |TAMS 0x000000070e600000| PB 0x000000070e600000| Untracked |  0
|  80|0x000000070e800000, 0x000000070e800000, 0x000000070ea00000|  0%| F|  |TAMS 0x000000070e800000| PB 0x000000070e800000| Untracked |  0
|  81|0x000000070ea00000, 0x000000070ea00000, 0x000000070ec00000|  0%| F|  |TAMS 0x000000070ea00000| PB 0x000000070ea00000| Untracked |  0
|  82|0x000000070ec00000, 0x000000070ec00000, 0x000000070ee00000|  0%| F|  |TAMS 0x000000070ec00000| PB 0x000000070ec00000| Untracked |  0
|  83|0x000000070ee00000, 0x000000070ee00000, 0x000000070f000000|  0%| F|  |TAMS 0x000000070ee00000| PB 0x000000070ee00000| Untracked |  0
|  84|0x000000070f000000, 0x000000070f000000, 0x000000070f200000|  0%| F|  |TAMS 0x000000070f000000| PB 0x000000070f000000| Untracked |  0
|  85|0x000000070f200000, 0x000000070f200000, 0x000000070f400000|  0%| F|  |TAMS 0x000000070f200000| PB 0x000000070f200000| Untracked |  0
|  86|0x000000070f400000, 0x000000070f400000, 0x000000070f600000|  0%| F|  |TAMS 0x000000070f400000| PB 0x000000070f400000| Untracked |  0
|  87|0x000000070f600000, 0x000000070f600000, 0x000000070f800000|  0%| F|  |TAMS 0x000000070f600000| PB 0x000000070f600000| Untracked |  0
|  88|0x000000070f800000, 0x000000070f800000, 0x000000070fa00000|  0%| F|  |TAMS 0x000000070f800000| PB 0x000000070f800000| Untracked |  0
|  89|0x000000070fa00000, 0x000000070fa00000, 0x000000070fc00000|  0%| F|  |TAMS 0x000000070fa00000| PB 0x000000070fa00000| Untracked |  0
|  90|0x000000070fc00000, 0x000000070fc00000, 0x000000070fe00000|  0%| F|  |TAMS 0x000000070fc00000| PB 0x000000070fc00000| Untracked |  0
|  91|0x000000070fe00000, 0x000000070fe00000, 0x0000000710000000|  0%| F|  |TAMS 0x000000070fe00000| PB 0x000000070fe00000| Untracked |  0
|  92|0x0000000710000000, 0x0000000710000000, 0x0000000710200000|  0%| F|  |TAMS 0x0000000710000000| PB 0x0000000710000000| Untracked |  0
|  93|0x0000000710200000, 0x0000000710200000, 0x0000000710400000|  0%| F|  |TAMS 0x0000000710200000| PB 0x0000000710200000| Untracked |  0
|  94|0x0000000710400000, 0x0000000710400000, 0x0000000710600000|  0%| F|  |TAMS 0x0000000710400000| PB 0x0000000710400000| Untracked |  0
|  95|0x0000000710600000, 0x0000000710600000, 0x0000000710800000|  0%| F|  |TAMS 0x0000000710600000| PB 0x0000000710600000| Untracked |  0
|  96|0x0000000710800000, 0x0000000710800000, 0x0000000710a00000|  0%| F|  |TAMS 0x0000000710800000| PB 0x0000000710800000| Untracked |  0
|  97|0x0000000710a00000, 0x0000000710a00000, 0x0000000710c00000|  0%| F|  |TAMS 0x0000000710a00000| PB 0x0000000710a00000| Untracked |  0
|  98|0x0000000710c00000, 0x0000000710c00000, 0x0000000710e00000|  0%| F|  |TAMS 0x0000000710c00000| PB 0x0000000710c00000| Untracked |  0
|  99|0x0000000710e00000, 0x0000000710e00000, 0x0000000711000000|  0%| F|  |TAMS 0x0000000710e00000| PB 0x0000000710e00000| Untracked |  0
| 100|0x0000000711000000, 0x0000000711000000, 0x0000000711200000|  0%| F|  |TAMS 0x0000000711000000| PB 0x0000000711000000| Untracked |  0
| 101|0x0000000711200000, 0x0000000711200000, 0x0000000711400000|  0%| F|  |TAMS 0x0000000711200000| PB 0x0000000711200000| Untracked |  0
| 102|0x0000000711400000, 0x0000000711400000, 0x0000000711600000|  0%| F|  |TAMS 0x0000000711400000| PB 0x0000000711400000| Untracked |  0
| 103|0x0000000711600000, 0x0000000711600000, 0x0000000711800000|  0%| F|  |TAMS 0x0000000711600000| PB 0x0000000711600000| Untracked |  0
| 104|0x0000000711800000, 0x0000000711800000, 0x0000000711a00000|  0%| F|  |TAMS 0x0000000711800000| PB 0x0000000711800000| Untracked |  0
| 105|0x0000000711a00000, 0x0000000711a00000, 0x0000000711c00000|  0%| F|  |TAMS 0x0000000711a00000| PB 0x0000000711a00000| Untracked |  0
| 106|0x0000000711c00000, 0x0000000711c00000, 0x0000000711e00000|  0%| F|  |TAMS 0x0000000711c00000| PB 0x0000000711c00000| Untracked |  0
| 107|0x0000000711e00000, 0x0000000711e00000, 0x0000000712000000|  0%| F|  |TAMS 0x0000000711e00000| PB 0x0000000711e00000| Untracked |  0
| 108|0x0000000712000000, 0x0000000712000000, 0x0000000712200000|  0%| F|  |TAMS 0x0000000712000000| PB 0x0000000712000000| Untracked |  0
| 109|0x0000000712200000, 0x00000007123ec5f0, 0x0000000712400000| 96%| E|  |TAMS 0x0000000712200000| PB 0x0000000712200000| Complete |  0
| 110|0x0000000712400000, 0x0000000712600000, 0x0000000712600000|100%| E|CS|TAMS 0x0000000712400000| PB 0x0000000712400000| Complete |  0
| 111|0x0000000712600000, 0x0000000712800000, 0x0000000712800000|100%| E|CS|TAMS 0x0000000712600000| PB 0x0000000712600000| Complete |  0
| 112|0x0000000712800000, 0x0000000712a00000, 0x0000000712a00000|100%| E|CS|TAMS 0x0000000712800000| PB 0x0000000712800000| Complete |  0
| 113|0x0000000712a00000, 0x0000000712c00000, 0x0000000712c00000|100%| E|CS|TAMS 0x0000000712a00000| PB 0x0000000712a00000| Complete |  0
| 114|0x0000000712c00000, 0x0000000712e00000, 0x0000000712e00000|100%| E|CS|TAMS 0x0000000712c00000| PB 0x0000000712c00000| Complete |  0
| 115|0x0000000712e00000, 0x0000000713000000, 0x0000000713000000|100%| E|CS|TAMS 0x0000000712e00000| PB 0x0000000712e00000| Complete |  0
| 116|0x0000000713000000, 0x0000000713200000, 0x0000000713200000|100%| E|CS|TAMS 0x0000000713000000| PB 0x0000000713000000| Complete |  0
| 117|0x0000000713200000, 0x0000000713400000, 0x0000000713400000|100%| E|CS|TAMS 0x0000000713200000| PB 0x0000000713200000| Complete |  0
| 118|0x0000000713400000, 0x0000000713600000, 0x0000000713600000|100%| E|CS|TAMS 0x0000000713400000| PB 0x0000000713400000| Complete |  0
| 119|0x0000000713600000, 0x0000000713800000, 0x0000000713800000|100%| E|CS|TAMS 0x0000000713600000| PB 0x0000000713600000| Complete |  0
| 120|0x0000000713800000, 0x0000000713a00000, 0x0000000713a00000|100%| E|CS|TAMS 0x0000000713800000| PB 0x0000000713800000| Complete |  0
| 121|0x0000000713a00000, 0x0000000713c00000, 0x0000000713c00000|100%| E|CS|TAMS 0x0000000713a00000| PB 0x0000000713a00000| Complete |  0
| 122|0x0000000713c00000, 0x0000000713e00000, 0x0000000713e00000|100%| E|CS|TAMS 0x0000000713c00000| PB 0x0000000713c00000| Complete |  0
| 123|0x0000000713e00000, 0x0000000714000000, 0x0000000714000000|100%| E|CS|TAMS 0x0000000713e00000| PB 0x0000000713e00000| Complete |  0
| 124|0x0000000714000000, 0x0000000714200000, 0x0000000714200000|100%| E|CS|TAMS 0x0000000714000000| PB 0x0000000714000000| Complete |  0
| 125|0x0000000714200000, 0x0000000714400000, 0x0000000714400000|100%| E|CS|TAMS 0x0000000714200000| PB 0x0000000714200000| Complete |  0
|2011|0x00000007ffe00000, 0x00000007fff1d3c0, 0x0000000800000000| 55%| O|  |TAMS 0x00000007ffe00000| PB 0x00000007ffe00000| Untracked |  0

Card table byte_map: [0x0000020ec1750000,0x0000020ec1f30000] _byte_map_base: 0x0000020ebdf2c000

Marking Bits: (CMBitMap*) 0x0000020ea704c120
 Bits: [0x0000020ec1f30000, 0x0000020ec5e10000)

Polling page: 0x0000020ea8970000

Metaspace:

Usage:
  Non-class:      6.19 MB used.
      Class:    621.48 KB used.
       Both:      6.80 MB used.

Virtual space:
  Non-class space:       64.00 MB reserved,       6.25 MB ( 10%) committed,  1 nodes.
      Class space:        1.00 GB reserved,     704.00 KB ( <1%) committed,  1 nodes.
             Both:        1.06 GB reserved,       6.94 MB ( <1%) committed. 

Chunk freelists:
   Non-Class:  8.50 MB
       Class:  15.35 MB
        Both:  23.85 MB

MaxMetaspaceSize: unlimited
CompressedClassSpaceSize: 1.00 GB
Initial GC threshold: 21.00 MB
Current GC threshold: 21.00 MB
CDS: on
 - commit_granule_bytes: 65536.
 - commit_granule_words: 8192.
 - virtual_space_node_default_size: 8388608.
 - enlarge_chunks_in_place: 1.
UseCompressedClassPointers 1, UseCompactObjectHeaders 0
Narrow klass pointer bits 32, Max shift 3
Narrow klass base: 0x0000020ec9000000, Narrow klass shift: 0
Encoding Range: [0x0000020ec9000000 - 0x0000020fc9000000), (4294967296 bytes)
Klass Range:    [0x0000020ec9000000 - 0x0000020f0a000000), (1090519040 bytes)
Klass ID Range:  [8 - 1090519033) (1090519025)


Internal statistics:

num_allocs_failed_limit: 0.
num_arena_births: 72.
num_arena_deaths: 0.
num_vsnodes_births: 2.
num_vsnodes_deaths: 0.
num_space_committed: 111.
num_space_uncommitted: 0.
num_chunks_returned_to_freelist: 0.
num_chunks_taken_from_freelist: 259.
num_chunk_merges: 0.
num_chunk_splits: 171.
num_chunks_enlarged: 136.
num_inconsistent_stats: 0.

CodeHeap 'non-profiled nmethods': size=120064Kb used=449Kb max_used=449Kb free=119614Kb
 bounds [0x0000020eb8da0000, 0x0000020eb9010000, 0x0000020ec02e0000]
CodeHeap 'profiled nmethods': size=120000Kb used=2297Kb max_used=2297Kb free=117702Kb
 bounds [0x0000020eb12e0000, 0x0000020eb1550000, 0x0000020eb8810000]
CodeHeap 'non-nmethods': size=5696Kb used=1327Kb max_used=1334Kb free=4368Kb
 bounds [0x0000020eb8810000, 0x0000020eb8a80000, 0x0000020eb8da0000]
CodeCache: size=245760Kb, used=4073Kb, max_used=4080Kb, free=241684Kb
 total_blobs=1984, nmethods=1502, adapters=384, full_count=0
Compilation: enabled, stopped_count=0, restarted_count=0

Compilation events (20 events):
Event: 0.913 Thread 0x0000020ec8b8e030 1313       3       org.codehaus.plexus.util.xml.pull.MXParser::nextText (103 bytes)
Event: 0.914 Thread 0x0000020f0e748210 nmethod 1303 0x0000020eb8e03488 code [0x0000020eb8e03600, 0x0000020eb8e03e10]
Event: 0.914 Thread 0x0000020ec8b8e030 nmethod 1313 0x0000020eb14ccb08 code [0x0000020eb14ccd60, 0x0000020eb14cdb20]
Event: 0.914 Thread 0x0000020f0e748210 1288       4       java.nio.CharBuffer::<init> (24 bytes)
Event: 0.915 Thread 0x0000020f0e748210 nmethod 1288 0x0000020eb8e03f08 code [0x0000020eb8e04020, 0x0000020eb8e044f8]
Event: 0.916 Thread 0x0000020f0e748210 1315       4       sun.nio.cs.StreamDecoder::implRead (232 bytes)
Event: 0.919 Thread 0x0000020ec8b8e030 1317       3       java.util.Collections::emptyMap (4 bytes)
Event: 0.919 Thread 0x0000020ec8b8e030 nmethod 1317 0x0000020eb14cdb88 code [0x0000020eb14cdca0, 0x0000020eb14cdd90]
Event: 0.921 Thread 0x0000020ec8b8e030 1318 %     3       org.codehaus.plexus.util.InterpolationFilterReader::read @ 3 (48 bytes)
Event: 0.921 Thread 0x0000020ec8b8e030 nmethod 1318% 0x0000020eb14cde88 code [0x0000020eb14cdfe0, 0x0000020eb14ce3b8]
Event: 0.923 Thread 0x0000020ec8b8e030 1319       3       org.codehaus.plexus.util.xml.pull.MXParser::require (443 bytes)
Event: 0.925 Thread 0x0000020ec8b8e030 nmethod 1319 0x0000020eb14ce408 code [0x0000020eb14cec00, 0x0000020eb14d3ea0]
Event: 0.926 Thread 0x0000020ec8b8e030 1320       3       org.codehaus.plexus.util.InterpolationFilterReader::read (48 bytes)
Event: 0.926 Thread 0x0000020ec8b8e030 nmethod 1320 0x0000020eb14d3f88 code [0x0000020eb14d40c0, 0x0000020eb14d43b0]
Event: 0.926 Thread 0x0000020f0e748210 nmethod 1315 0x0000020eb8e04588 code [0x0000020eb8e04760, 0x0000020eb8e050a8]
Event: 0.927 Thread 0x0000020f0e748210 1316       4       org.codehaus.plexus.util.xml.pull.MXParser::nextImpl (1203 bytes)
Event: 0.932 Thread 0x0000020ec8b8e030 1321       3       org.eclipse.sisu.space.URLClassSpace::deferLoadClass (10 bytes)
Event: 0.932 Thread 0x0000020ec8b8e030 nmethod 1321 0x0000020eb14d4408 code [0x0000020eb14d4540, 0x0000020eb14d4888]
Event: 0.932 Thread 0x0000020ec8b8e030 1322       3       org.eclipse.sisu.space.NamedClass::<init> (15 bytes)
Event: 0.932 Thread 0x0000020ec8b8e030 nmethod 1322 0x0000020eb14d4908 code [0x0000020eb14d4a20, 0x0000020eb14d4ca8]

GC Heap History (0 events):
No events

Dll operation events (11 events):
Event: 0.008 Loaded shared library C:\Program Files\Java\jdk-24\bin\java.dll
Event: 0.027 Loaded shared library C:\Program Files\Java\jdk-24\bin\jsvml.dll
Event: 0.047 Loaded shared library C:\Program Files\Java\jdk-24\bin\zip.dll
Event: 0.049 Loaded shared library C:\Program Files\Java\jdk-24\bin\instrument.dll
Event: 0.051 Loaded shared library C:\Program Files\Java\jdk-24\bin\net.dll
Event: 0.052 Loaded shared library C:\Program Files\Java\jdk-24\bin\nio.dll
Event: 0.054 Loaded shared library C:\Program Files\Java\jdk-24\bin\zip.dll
Event: 0.074 Loaded shared library C:\Program Files\Java\jdk-24\bin\extnet.dll
Event: 0.156 Loaded shared library C:\Program Files\Java\jdk-24\bin\jimage.dll
Event: 0.547 Loaded shared library C:\Users\pavan\AppData\Local\Temp\jansi-2.4.1-717de723abc722fd-jansi.dll
Event: 0.554 Loaded shared library C:\Program Files\Java\jdk-24\bin\verify.dll

Deoptimization events (20 events):
Event: 0.875 Thread 0x0000020ea6fe2f10 Uncommon trap: trap_request=0xffffff76 fr.pc=0x0000020eb8ddbaec relative=0x000000000000030c
Event: 0.875 Thread 0x0000020ea6fe2f10 Uncommon trap: reason=predicate action=maybe_recompile pc=0x0000020eb8ddbaec method=java.util.regex.Pattern$BmpCharPropertyGreedy.match(Ljava/util/regex/Matcher;ILjava/lang/CharSequence;)Z @ 12 c2
Event: 0.875 Thread 0x0000020ea6fe2f10 DEOPT PACKING pc=0x0000020eb8ddbaec sp=0x000000ad27bfdf70
Event: 0.875 Thread 0x0000020ea6fe2f10 DEOPT UNPACKING pc=0x0000020eb8926382 sp=0x000000ad27bfdf28 mode 2
Event: 0.875 Thread 0x0000020ea6fe2f10 Uncommon trap: trap_request=0xffffff4d fr.pc=0x0000020eb8dd60b0 relative=0x00000000000000b0
Event: 0.875 Thread 0x0000020ea6fe2f10 Uncommon trap: reason=unstable_if action=reinterpret pc=0x0000020eb8dd60b0 method=org.codehaus.plexus.util.xml.pull.MXParser.more()C @ 8 c2
Event: 0.875 Thread 0x0000020ea6fe2f10 DEOPT PACKING pc=0x0000020eb8dd60b0 sp=0x000000ad27bfe330
Event: 0.875 Thread 0x0000020ea6fe2f10 DEOPT UNPACKING pc=0x0000020eb8926382 sp=0x000000ad27bfe2c0 mode 2
Event: 0.904 Thread 0x0000020ea6fe2f10 Uncommon trap: trap_request=0xffffff4d fr.pc=0x0000020eb8dfdfa4 relative=0x0000000000001b04
Event: 0.904 Thread 0x0000020ea6fe2f10 Uncommon trap: reason=unstable_if action=reinterpret pc=0x0000020eb8dfdfa4 method=sun.nio.cs.StreamDecoder.implRead([CII)I @ 71 c2
Event: 0.904 Thread 0x0000020ea6fe2f10 DEOPT PACKING pc=0x0000020eb8dfdfa4 sp=0x000000ad27bfdf50
Event: 0.904 Thread 0x0000020ea6fe2f10 DEOPT UNPACKING pc=0x0000020eb8926382 sp=0x000000ad27bfdd70 mode 2
Event: 0.905 Thread 0x0000020ea6fe2f10 Uncommon trap: trap_request=0xffffff4d fr.pc=0x0000020eb8e008e0 relative=0x0000000000001cc0
Event: 0.905 Thread 0x0000020ea6fe2f10 Uncommon trap: reason=unstable_if action=reinterpret pc=0x0000020eb8e008e0 method=sun.nio.cs.StreamDecoder.implRead([CII)I @ 71 c2
Event: 0.905 Thread 0x0000020ea6fe2f10 DEOPT PACKING pc=0x0000020eb8e008e0 sp=0x000000ad27bfdf90
Event: 0.905 Thread 0x0000020ea6fe2f10 DEOPT UNPACKING pc=0x0000020eb8926382 sp=0x000000ad27bfdd38 mode 2
Event: 0.936 Thread 0x0000020ea6fe2f10 Uncommon trap: trap_request=0xffffff4d fr.pc=0x0000020eb8e01728 relative=0x0000000000000248
Event: 0.936 Thread 0x0000020ea6fe2f10 Uncommon trap: reason=unstable_if action=reinterpret pc=0x0000020eb8e01728 method=java.io.Reader.read()I @ 12 c2
Event: 0.936 Thread 0x0000020ea6fe2f10 DEOPT PACKING pc=0x0000020eb8e01728 sp=0x000000ad27bfdf60
Event: 0.936 Thread 0x0000020ea6fe2f10 DEOPT UNPACKING pc=0x0000020eb8926382 sp=0x000000ad27bfde68 mode 2

Classes loaded (20 events):
Event: 0.846 Loading class java/util/stream/SliceOps
Event: 0.846 Loading class java/util/stream/SliceOps done
Event: 0.846 Loading class java/util/stream/SliceOps$1
Event: 0.846 Loading class java/util/stream/SliceOps$1 done
Event: 0.847 Loading class java/util/stream/SliceOps$1$1
Event: 0.847 Loading class java/util/stream/SliceOps$1$1 done
Event: 0.847 Loading class java/util/stream/WhileOps$1Op$1OpSink
Event: 0.847 Loading class java/util/stream/WhileOps$DropWhileSink
Event: 0.847 Loading class java/util/stream/WhileOps$DropWhileSink done
Event: 0.847 Loading class java/util/stream/WhileOps$1Op$1OpSink done
Event: 0.853 Loading class java/lang/reflect/ParameterizedType
Event: 0.853 Loading class java/lang/reflect/ParameterizedType done
Event: 0.855 Loading class java/lang/reflect/WildcardType
Event: 0.855 Loading class java/lang/reflect/WildcardType done
Event: 0.858 Loading class sun/reflect/generics/tree/TypeVariableSignature
Event: 0.858 Loading class sun/reflect/generics/tree/TypeVariableSignature done
Event: 0.871 Loading class java/lang/annotation/IncompleteAnnotationException
Event: 0.871 Loading class java/lang/annotation/IncompleteAnnotationException done
Event: 0.898 Loading class java/lang/foreign/MemorySegment
Event: 0.898 Loading class java/lang/foreign/MemorySegment done

Classes unloaded (0 events):
No events

Classes redefined (0 events):
No events

Internal exceptions (17 events):
Event: 0.061 Thread 0x0000020ea6fe2f10 Exception <a 'java/lang/NoSuchMethodError'{0x000000071404c048}: 'void java.lang.invoke.DirectMethodHandle$Holder.invokeStatic(java.lang.Object, java.lang.Object, java.lang.Object)'> (0x000000071404c048) 
thrown [s\open\src\hotspot\share\interpreter\linkResolver.cpp, line 805]
Event: 0.065 Thread 0x0000020ea6fe2f10 Exception <a 'java/lang/NoSuchMethodError'{0x0000000714080c08}: 'java.lang.Object java.lang.invoke.Invokers$Holder.invokeExact_MT(java.lang.Object, java.lang.Object, java.lang.Object, java.lang.Object, java.lang.Object)'> (0x0000000714080c08) 
thrown [s\open\src\hotspot\share\interpreter\linkResolver.cpp, line 805]
Event: 0.067 Thread 0x0000020ea6fe2f10 Exception <a 'java/io/FileNotFoundException'{0x0000000714090d48}> (0x0000000714090d48) 
thrown [s\open\src\hotspot\share\prims\jni.cpp, line 518]
Event: 0.072 Thread 0x0000020ec8db5560 Exception <a 'java/lang/NoSuchMethodError'{0x00000007141f0cf0}: 'java.lang.Object java.lang.invoke.DirectMethodHandle$Holder.invokeStaticInit(java.lang.Object)'> (0x00000007141f0cf0) 
thrown [s\open\src\hotspot\share\interpreter\linkResolver.cpp, line 805]
Event: 0.075 Thread 0x0000020ec8db5560 Exception <a 'java/lang/NoSuchMethodError'{0x00000007141fb8f8}: 'void java.lang.invoke.DirectMethodHandle$Holder.invokeStatic(java.lang.Object, java.lang.Object)'> (0x00000007141fb8f8) 
thrown [s\open\src\hotspot\share\interpreter\linkResolver.cpp, line 805]
Event: 0.090 Thread 0x0000020ea6fe2f10 Exception <a 'java/lang/NoSuchMethodError'{0x0000000713f0a0a8}: 'int java.lang.invoke.DirectMethodHandle$Holder.invokeSpecial(java.lang.Object, java.lang.Object, java.lang.Object)'> (0x0000000713f0a0a8) 
thrown [s\open\src\hotspot\share\interpreter\linkResolver.cpp, line 805]
Event: 0.152 Thread 0x0000020ea6fe2f10 Exception <a 'java/lang/NullPointerException'{0x0000000713da1c08}> (0x0000000713da1c08) 
thrown [s\open\src\hotspot\share\interpreter\linkResolver.cpp, line 1417]
Event: 0.162 Thread 0x0000020ea6fe2f10 Exception <a 'sun/nio/fs/WindowsException'{0x0000000713dc8378}> (0x0000000713dc8378) 
thrown [s\open\src\hotspot\share\prims\jni.cpp, line 518]
Event: 0.560 Thread 0x0000020ea6fe2f10 Exception <a 'java/lang/NoSuchMethodError'{0x0000000713b56f90}: 'void java.lang.invoke.DirectMethodHandle$Holder.invokeStaticInit(java.lang.Object, java.lang.Object)'> (0x0000000713b56f90) 
thrown [s\open\src\hotspot\share\interpreter\linkResolver.cpp, line 805]
Event: 0.616 Thread 0x0000020ea6fe2f10 Exception <a 'java/lang/NoSuchMethodError'{0x0000000713936620}: 'java.lang.Object java.lang.invoke.DirectMethodHandle$Holder.invokeSpecialIFC(java.lang.Object, java.lang.Object, java.lang.Object, java.lang.Object)'> (0x0000000713936620) 
thrown [s\open\src\hotspot\share\interpreter\linkResolver.cpp, line 805]
Event: 0.746 Thread 0x0000020ea6fe2f10 Exception <a 'java/lang/NoSuchMethodError'{0x0000000713240360}: 'void java.lang.invoke.DirectMethodHandle$Holder.invokeSpecial(java.lang.Object, java.lang.Object, java.lang.Object)'> (0x0000000713240360) 
thrown [s\open\src\hotspot\share\interpreter\linkResolver.cpp, line 805]
Event: 0.774 Thread 0x0000020ea6fe2f10 Exception <a 'java/lang/NoSuchMethodError'{0x0000000713363210}: 'java.lang.Object java.lang.invoke.DirectMethodHandle$Holder.invokeInterface(java.lang.Object, java.lang.Object)'> (0x0000000713363210) 
thrown [s\open\src\hotspot\share\interpreter\linkResolver.cpp, line 805]
Event: 0.789 Thread 0x0000020ea6fe2f10 Exception <a 'java/lang/NoSuchMethodError'{0x0000000713015248}: 'int java.lang.invoke.DirectMethodHandle$Holder.invokeStatic(java.lang.Object, java.lang.Object, java.lang.Object, java.lang.Object)'> (0x0000000713015248) 
thrown [s\open\src\hotspot\share\interpreter\linkResolver.cpp, line 805]
Event: 0.793 Thread 0x0000020ea6fe2f10 Exception <a 'java/lang/NoSuchMethodError'{0x000000071303ee40}: 'int java.lang.invoke.DirectMethodHandle$Holder.invokeSpecialIFC(java.lang.Object, java.lang.Object, java.lang.Object, java.lang.Object, java.lang.Object)'> (0x000000071303ee40) 
thrown [s\open\src\hotspot\share\interpreter\linkResolver.cpp, line 805]
Event: 0.834 Thread 0x0000020ea6fe2f10 Exception <a 'java/lang/NoSuchMethodError'{0x0000000712e19da0}: 'java.lang.Object java.lang.invoke.DirectMethodHandle$Holder.newInvokeSpecial(java.lang.Object, java.lang.Object, java.lang.Object, java.lang.Object, java.lang.Object)'> (0x0000000712e19da0) 
thrown [s\open\src\hotspot\share\interpreter\linkResolver.cpp, line 805]
Event: 0.865 Thread 0x0000020ea6fe2f10 Exception <a 'java/lang/NoSuchMethodError'{0x0000000712f5cae8}: 'int java.lang.invoke.DirectMethodHandle$Holder.invokeStaticInit(java.lang.Object, java.lang.Object)'> (0x0000000712f5cae8) 
thrown [s\open\src\hotspot\share\interpreter\linkResolver.cpp, line 805]
Event: 0.871 Thread 0x0000020ea6fe2f10 Exception <a 'java/lang/NoClassDefFoundError'{0x0000000712f978b0}: javax/enterprise/inject/Typed> (0x0000000712f978b0) 
thrown [s\open\src\hotspot\share\classfile\systemDictionary.cpp, line 316]

VM Operations (6 events):
Event: 0.040 Executing VM operation: HandshakeAllThreads (Deoptimize)
Event: 0.040 Executing VM operation: HandshakeAllThreads (Deoptimize) done
Event: 0.151 Executing VM operation: HandshakeAllThreads (Deoptimize)
Event: 0.151 Executing VM operation: HandshakeAllThreads (Deoptimize) done
Event: 0.159 Executing VM operation: HandshakeAllThreads (Deoptimize)
Event: 0.159 Executing VM operation: HandshakeAllThreads (Deoptimize) done

Memory protections (0 events):
No events

Nmethod flushes (0 events):
No events

Events (16 events):
Event: 0.018 Thread 0x0000020ea6fe2f10 Thread added: 0x0000020ea6fe2f10
Event: 0.025 Thread 0x0000020ea6fe2f10 Thread added: 0x0000020ec8b87000
Event: 0.025 Thread 0x0000020ea6fe2f10 Thread added: 0x0000020ec8b87740
Event: 0.026 Thread 0x0000020ea6fe2f10 Thread added: 0x0000020ec8b88a90
Event: 0.026 Thread 0x0000020ea6fe2f10 Thread added: 0x0000020ec8b895c0
Event: 0.026 Thread 0x0000020ea6fe2f10 Thread added: 0x0000020ec8b8a350
Event: 0.026 Thread 0x0000020ea6fe2f10 Thread added: 0x0000020ec8b8c240
Event: 0.026 Thread 0x0000020ea6fe2f10 Thread added: 0x0000020ec8b8d4b0
Event: 0.026 Thread 0x0000020ea6fe2f10 Thread added: 0x0000020ec8b8e030
Event: 0.037 Thread 0x0000020ea6fe2f10 Thread added: 0x0000020ec8c56fe0
Event: 0.067 Thread 0x0000020ea6fe2f10 Thread added: 0x0000020ec8db5560
Event: 0.067 Thread 0x0000020ea6fe2f10 Thread added: 0x0000020ec8db5ca0
Event: 0.155 Thread 0x0000020ea6fe2f10 Thread added: 0x0000020f0e483290
Event: 0.164 Thread 0x0000020f0e483290 Thread exited: 0x0000020f0e483290
Event: 0.632 Thread 0x0000020ec8b8e030 Thread added: 0x0000020f0e748210
Event: 0.897 Thread 0x0000020ec8b8e030 Thread added: 0x0000020f0e9c4570


Dynamic libraries:
0x00007ff7f16a0000 - 0x00007ff7f16b0000 	C:\Program Files\Java\jdk-24\bin\java.exe
0x00007ff8fa780000 - 0x00007ff8fa9e8000 	C:\WINDOWS\SYSTEM32\ntdll.dll
0x00007ff8c0f30000 - 0x00007ff8c0f50000 	C:\Program Files\Avast Software\Avast\aswhook.dll
0x00007ff8f9c90000 - 0x00007ff8f9d59000 	C:\WINDOWS\System32\KERNEL32.DLL
0x00007ff8f7f20000 - 0x00007ff8f8312000 	C:\WINDOWS\System32\KERNELBASE.dll
0x00007ff8f7a80000 - 0x00007ff8f7bcb000 	C:\WINDOWS\System32\ucrtbase.dll
0x00007ff8bd530000 - 0x00007ff8bd54b000 	C:\Program Files\Java\jdk-24\bin\VCRUNTIME140.dll
0x00007ff8bd550000 - 0x00007ff8bd566000 	C:\Program Files\Java\jdk-24\bin\jli.dll
0x00007ff8f8ee0000 - 0x00007ff8f90a5000 	C:\WINDOWS\System32\USER32.dll
0x00007ff8dbaf0000 - 0x00007ff8dbd83000 	C:\WINDOWS\WinSxS\amd64_microsoft.windows.common-controls_6595b64144ccf1df_6.0.26100.6899_none_3e0efeeae32e88c1\COMCTL32.dll
0x00007ff8f79a0000 - 0x00007ff8f79c7000 	C:\WINDOWS\System32\win32u.dll
0x00007ff8f9ed0000 - 0x00007ff8f9f79000 	C:\WINDOWS\System32\msvcrt.dll
0x00007ff8f9fb0000 - 0x00007ff8f9fdb000 	C:\WINDOWS\System32\GDI32.dll
0x00007ff8f7bd0000 - 0x00007ff8f7cfd000 	C:\WINDOWS\System32\gdi32full.dll
0x00007ff8f79d0000 - 0x00007ff8f7a73000 	C:\WINDOWS\System32\msvcp_win.dll
0x00007ff8f85a0000 - 0x00007ff8f85cf000 	C:\WINDOWS\System32\IMM32.DLL
0x00007ff8e4710000 - 0x00007ff8e471c000 	C:\Program Files\Java\jdk-24\bin\vcruntime140_1.dll
0x00007ff8bd3b0000 - 0x00007ff8bd43e000 	C:\Program Files\Java\jdk-24\bin\msvcp140.dll
0x00007ff80c720000 - 0x00007ff80d4c2000 	C:\Program Files\Java\jdk-24\bin\server\jvm.dll
0x00007ff8f9a30000 - 0x00007ff8f9ae4000 	C:\WINDOWS\System32\ADVAPI32.dll
0x00007ff8f8ad0000 - 0x00007ff8f8b76000 	C:\WINDOWS\System32\sechost.dll
0x00007ff8f8dc0000 - 0x00007ff8f8ed8000 	C:\WINDOWS\System32\RPCRT4.dll
0x00007ff8fa130000 - 0x00007ff8fa1a4000 	C:\WINDOWS\System32\WS2_32.dll
0x00007ff8e44d0000 - 0x00007ff8e44db000 	C:\WINDOWS\SYSTEM32\VERSION.dll
0x00007ff8f7770000 - 0x00007ff8f77ce000 	C:\WINDOWS\SYSTEM32\POWRPROF.dll
0x00007ff8ec730000 - 0x00007ff8ec765000 	C:\WINDOWS\SYSTEM32\WINMM.dll
0x00007ff8f7750000 - 0x00007ff8f7764000 	C:\WINDOWS\SYSTEM32\UMPDC.dll
0x00007ff8f66e0000 - 0x00007ff8f66fb000 	C:\WINDOWS\SYSTEM32\kernel.appcore.dll
0x00007ff8d2b60000 - 0x00007ff8d2b6a000 	C:\Program Files\Java\jdk-24\bin\jimage.dll
0x00007ff8f4d10000 - 0x00007ff8f4f52000 	C:\WINDOWS\SYSTEM32\DBGHELP.DLL
0x00007ff8f85f0000 - 0x00007ff8f896b000 	C:\WINDOWS\System32\combase.dll
0x00007ff8f9df0000 - 0x00007ff8f9ec7000 	C:\WINDOWS\System32\OLEAUT32.dll
0x00007ff8e4490000 - 0x00007ff8e44cc000 	C:\WINDOWS\SYSTEM32\dbgcore.DLL
0x00007ff8f7d00000 - 0x00007ff8f7d98000 	C:\WINDOWS\System32\bcryptPrimitives.dll
0x00007ff8e5520000 - 0x00007ff8e552f000 	C:\Program Files\Java\jdk-24\bin\instrument.dll
0x00007ff8bd510000 - 0x00007ff8bd52e000 	C:\Program Files\Java\jdk-24\bin\java.dll
0x00007ff8f90b0000 - 0x00007ff8f9248000 	C:\WINDOWS\System32\ole32.dll
0x00007ff8f9250000 - 0x00007ff8f999d000 	C:\WINDOWS\System32\SHELL32.dll
0x00007ff8f83e0000 - 0x00007ff8f854b000 	C:\WINDOWS\System32\wintypes.dll
0x00007ff8f5540000 - 0x00007ff8f5d9d000 	C:\WINDOWS\SYSTEM32\windows.storage.dll
0x00007ff8fa1b0000 - 0x00007ff8fa2a2000 	C:\WINDOWS\System32\SHCORE.dll
0x00007ff8fa0a0000 - 0x00007ff8fa102000 	C:\WINDOWS\System32\shlwapi.dll
0x00007ff8f7830000 - 0x00007ff8f7859000 	C:\WINDOWS\SYSTEM32\profapi.dll
0x00007ff8bd2d0000 - 0x00007ff8bd3a7000 	C:\Program Files\Java\jdk-24\bin\jsvml.dll
0x00007ff8bd4d0000 - 0x00007ff8bd4e7000 	C:\Program Files\Java\jdk-24\bin\zip.dll
0x00007ff8c9ff0000 - 0x00007ff8ca000000 	C:\Program Files\Java\jdk-24\bin\net.dll
0x00007ff8f6c50000 - 0x00007ff8f6cbb000 	C:\WINDOWS\system32\mswsock.dll
0x00007ff8bd4f0000 - 0x00007ff8bd506000 	C:\Program Files\Java\jdk-24\bin\nio.dll
0x00007ff8c8570000 - 0x00007ff8c8579000 	C:\Program Files\Java\jdk-24\bin\extnet.dll
0x00007ff8a1870000 - 0x00007ff8a1894000 	C:\Users\pavan\AppData\Local\Temp\jansi-2.4.1-717de723abc722fd-jansi.dll
0x00007ff8e5510000 - 0x00007ff8e5520000 	C:\Program Files\Java\jdk-24\bin\verify.dll

dbghelp: loaded successfully - version: 4.0.5 - missing functions: none
symbol engine: initialized successfully - sym options: 0x614 - pdb path: .;C:\Program Files\Java\jdk-24\bin;C:\WINDOWS\SYSTEM32;C:\Program Files\Avast Software\Avast;C:\WINDOWS\WinSxS\amd64_microsoft.windows.common-controls_6595b64144ccf1df_6.0.26100.6899_none_3e0efeeae32e88c1;C:\Program Files\Java\jdk-24\bin\server;C:\Users\pavan\AppData\Local\Temp

VM Arguments:
jvm_args: -Dmaven.multiModuleProjectDirectory=D:\queuectl\queuectl -Djansi.passthrough=true -Dmaven.home=C:\Program Files\JetBrains\IntelliJ IDEA Community Edition 2024.3.5\plugins\maven\lib\maven3 -Dclassworlds.conf=C:\Program Files\JetBrains\IntelliJ IDEA Community Edition 2024.3.5\plugins\maven\lib\maven3\bin\m2.conf -Dmaven.ext.class.path=C:\Program Files\JetBrains\IntelliJ IDEA Community Edition 2024.3.5\plugins\maven\lib\maven-event-listener.jar -javaagent:C:\Program Files\JetBrains\IntelliJ IDEA Community Edition 2024.3.5\lib\idea_rt.jar=54559 -Dfile.encoding=UTF-8 -Dsun.stdout.encoding=UTF-8 -Dsun.stderr.encoding=UTF-8 
java_command: org.codehaus.classworlds.Launcher -Didea.version=2024.3.5 clean
java_class_path (initial): C:\Program Files\JetBrains\IntelliJ IDEA Community Edition 2024.3.5\plugins\maven\lib\maven3\boot\plexus-classworlds-2.8.0.jar;C:\Program Files\JetBrains\IntelliJ IDEA Community Edition 2024.3.5\plugins\maven\lib\maven3\boot\plexus-classworlds.license
Launcher Type: SUN_STANDARD

[Global flags]
     intx CICompilerCount                          = 4                                         {product} {ergonomic}
     uint ConcGCThreads                            = 3                                         {product} {ergonomic}
     uint G1ConcRefinementThreads                  = 10                                        {product} {ergonomic}
   size_t G1HeapRegionSize                         = 2097152                                   {product} {ergonomic}
   size_t InitialHeapSize                          = 264241152                                 {product} {ergonomic}
   size_t MarkStackSize                            = 4194304                                   {product} {ergonomic}
   size_t MarkStackSizeMax                         = 536870912                                 {product} {ergonomic}
   size_t MaxHeapSize                              = 4219469824                                {product} {ergonomic}
   size_t MaxNewSize                               = 2531262464                                {product} {ergonomic}
   size_t MinHeapDeltaBytes                        = 2097152                                   {product} {ergonomic}
   size_t MinHeapSize                              = 8388608                                   {product} {ergonomic}
    uintx NonNMethodCodeHeapSize                   = 5832704                                {pd product} {ergonomic}
    uintx NonProfiledCodeHeapSize                  = 122945536                              {pd product} {ergonomic}
    uintx ProfiledCodeHeapSize                     = 122880000                              {pd product} {ergonomic}
    uintx ReservedCodeCacheSize                    = 251658240                              {pd product} {ergonomic}
     bool SegmentedCodeCache                       = true                                      {product} {ergonomic}
   size_t SoftMaxHeapSize                          = 4219469824                             {manageable} {ergonomic}
     bool UseCompressedOops                        = true                           {product lp64_product} {ergonomic}
     bool UseG1GC                                  = true                                      {product} {ergonomic}
     bool UseLargePagesIndividualAllocation        = false                                  {pd product} {ergonomic}

Logging:
Log output configuration:
 #0: stdout all=warning uptime,level,tags foldmultilines=false
 #1: stderr all=off uptime,level,tags foldmultilines=false

Environment Variables:
JAVA_HOME=C:\Program Files\Eclipse Adoptium\jdk-17.0.12.7-hotspot\
PATH=C:\Program Files\Common Files\Oracle\Java\javapath;C:\Program Files\Eclipse Adoptium\jdk-17.0.12.7-hotspot\bin;C:\Program Files (x86)\VMware\VMware Workstation\bin\;C:\WINDOWS\system32;C:\WINDOWS;C:\WINDOWS\System32\Wbem;C:\WINDOWS\System32\WindowsPowerShell\v1.0\;C:\WINDOWS\System32\OpenSSH\;C:\MinGW\bin;C:\Program Files\MATLAB\R2024a\bin;C:\Program Files\nodejs\;C:\Program Files\Java\jdk-24\bin;C:\Program Files\Git\cmd;C:\Program Files\Git\mingw64\bin;C:\Program Files\Git\usr\bin;C:\Program Files\Cloudflare\Cloudflare WARP\;C:\Users\pavan\AppData\Local\Programs\Python\Python312\Scripts\;C:\Users\pavan\AppData\Local\Programs\Python\Python312\;C:\Program Files\MySQL\MySQL Shell 8.0\bin\;C:\Users\pavan\AppData\Local\Microsoft\WindowsApps;C:\MinGW\bin;C:\Users\pavan\AppData\Local\JetBrains\PyCharm 2024.2\bin;;D:\Microsoft VS Code\bin;C:\Users\pavan\AppData\Roaming\npm;C:\Program Files\JetBrains\IntelliJ IDEA 2024.3.5\bin;;C:\Program Files\JetBrains\IntelliJ IDEA Community Edition 2024.3.5\bin;
USERNAME=pavan
OS=Windows_NT
PROCESSOR_IDENTIFIER=Intel64 Family 6 Model 154 Stepping 3, GenuineIntel
TMP=C:\Users\pavan\AppData\Local\Temp
TEMP=C:\Users\pavan\AppData\Local\Temp




Periodic native trim disabled

---------------  S Y S T E M  ---------------

OS:
 Windows 11 , 64 bit Build 26100 (10.0.26100.6725)
OS uptime: 0 days 3:50 hours
Hyper-V role detected

CPU: total 12 (initial active 12) (6 cores per cpu, 2 threads per core) family 6 model 154 stepping 3 microcode 0x423, cx8, cmov, fxsr, ht, mmx, 3dnowpref, sse, sse2, sse3, ssse3, sse4.1, sse4.2, popcnt, lzcnt, tsc, tscinvbit, avx, avx2, aes, erms, clmul, bmi1, bmi2, adx, sha, fma, vzeroupper, clflush, clflushopt, clwb, hv, serialize, rdtscp, rdpid, fsrm, gfni, f16c, cet_ibt, cet_ss
Processor Information for the first 12 processors :
  Max Mhz: 2000, Current Mhz: 2000, Mhz Limit: 2000

Memory: 4k page, system-wide physical 16092M (2102M free)
TotalPageFile size 18129M (AvailPageFile size 5M)
current process WorkingSet (physical memory assigned to process): 99M, peak: 99M
current process commit charge ("private bytes"): 367M, peak: 370M

vm_info: Java HotSpot(TM) 64-Bit Server VM (24+36-3646) for windows-amd64 JRE (24+36-3646), built on 2025-02-06T00:20:43Z with MS VC++ 17.6 (VS2022)

END.
